<?xml version="1.0" encoding="UTF-8"?>
<!-- Generated by org.testng.reporters.JUnitReportReporter -->
<testsuite hostname="LAPTOP-IR3JTI9R" failures="0" tests="2" name="com.herokuapp.theinternet.draganddroptests.DragAndDropTests" time="14.626" errors="0" timestamp="2023-05-11T08:23:29 EDT" skipped="0">
  <testcase classname="com.herokuapp.theinternet.draganddroptests.DragAndDropTests" name="dragAToBTest" time="5.625"/>
  <system-out/>
  <testcase classname="com.herokuapp.theinternet.draganddroptests.DragAndDropTests" name="dragAToBTest" time="9.001"/>
  <system-out/>
</testsuite> <!-- com.herokuapp.theinternet.draganddroptests.DragAndDropTests -->
