<?xml version="1.0" encoding="UTF-8"?>
<!-- Generated by org.testng.reporters.JUnitReportReporter -->
<testsuite hostname="LAPTOP-IR3JTI9R" failures="0" tests="2" name="com.herokuapp.theinternet.hoverstests.HoversTests" time="11.789" errors="0" timestamp="2023-05-11T08:04:22 EDT" skipped="0">
  <testcase classname="com.herokuapp.theinternet.hoverstests.HoversTests" name="user2ProfileTest" time="6.511"/>
  <system-out/>
  <testcase classname="com.herokuapp.theinternet.hoverstests.HoversTests" name="user2ProfileTest" time="5.278"/>
  <system-out/>
</testsuite> <!-- com.herokuapp.theinternet.hoverstests.HoversTests -->
