<?xml version="1.0" encoding="UTF-8"?>
<!-- Generated by org.testng.reporters.JUnitReportReporter -->
<testsuite hostname="LAPTOP-IR3JTI9R" failures="0" tests="1" name="com.herokuapp.theinternet.windowstests.WindowsTests" time="5.842" errors="0" timestamp="2023-05-11T08:23:29 EDT" skipped="0">
  <testcase classname="com.herokuapp.theinternet.windowstests.WindowsTests" name="newWindowTest" time="5.842"/>
  <system-out/>
</testsuite> <!-- com.herokuapp.theinternet.windowstests.WindowsTests -->
