<?xml version="1.0" encoding="UTF-8"?>
<!-- Generated by org.testng.reporters.JUnitReportReporter -->
<testsuite hostname="LAPTOP-IR3JTI9R" failures="0" tests="2" name="com.herokuapp.theinternet.keypressestests.KeyPressesTests" time="11.802" errors="0" timestamp="2023-05-11T08:23:29 EDT" skipped="0">
  <testcase classname="com.herokuapp.theinternet.keypressestests.KeyPressesTests" name="pressKeyWithActionsTest" time="5.909"/>
  <system-out/>
  <testcase classname="com.herokuapp.theinternet.keypressestests.KeyPressesTests" name="pressKeyTest" time="5.893"/>
  <system-out/>
</testsuite> <!-- com.herokuapp.theinternet.keypressestests.KeyPressesTests -->
