<?xml version="1.0" encoding="UTF-8"?>
<!-- Generated by org.testng.reporters.JUnitReportReporter -->
<testsuite hostname="LAPTOP-IR3JTI9R" failures="0" tests="1" name="com.herokuapp.theinternet.editortests.EditorTests" time="20.492" errors="0" timestamp="2023-05-11T08:23:29 EDT" skipped="0">
  <testcase classname="com.herokuapp.theinternet.editortests.EditorTests" name="defaultEditorValueTest" time="20.492"/>
  <system-out/>
</testsuite> <!-- com.herokuapp.theinternet.editortests.EditorTests -->
